returncode: 1
stdout: b''
stderr: b"In file included from maintest.c:6:0:\r\ninclude/basic.h:15:18: error: field 'time' has incomplete type\r\n     struct DateC time;\r\n                  ^~~~\r\nIn file included from maintest.c:7:0:\r\ncaseset/test_pthread_create.c:7:21: fatal error: pthread.h: No such file or directory\r\n #include <pthread.h>\r\n                     ^\r\ncompilation terminated.\r\n"
